make all --print-data-base --no-builtin-variables --no-builtin-rules --question
make: *** No rule to make target 'all'.  Stop.

# GNU Make 4.2.1
# Built for x86_64-pc-linux-gnu
# Copyright (C) 1988-2016 Free Software Foundation, Inc.
# License GPLv3+: GNU GPL version 3 or later <http://gnu.org/licenses/gpl.html>
# This is free software: you are free to change and redistribute it.
# There is NO WARRANTY, to the extent permitted by law.

# Make data base, printed on Wed May 18 02:35:56 2022

# Variables

# automatic
<D = $(patsubst %/,%,$(dir $<))
# automatic
?F = $(notdir $?)
# environment
DESKTOP_SESSION = plasma
# environment
MYROBOT_NAME = farming_robot
# default
.SHELLFLAGS := -c
# environment
XDG_SESSION_CLASS = user
# environment
SNAP_COMMON = /var/snap/code/common
# environment
XDG_SESSION_TYPE = x11
# environment
VSCODE_LOG_NATIVE = false
# automatic
?D = $(patsubst %/,%,$(dir $?))
# environment
GTK_RC_FILES = /etc/gtk/gtkrc:/home/ihashib/.gtkrc:/home/ihashib/.config/gtkrc
# automatic
@D = $(patsubst %/,%,$(dir $@))
# environment
XAUTHORITY = /run/user/1000/.Xauthority
# automatic
@F = $(notdir $@)
# default
MAKE_VERSION := 4.2.1
# makefile
CURDIR := /media/ihashib/New Volume/Work/CC++/dsi_solve
# makefile
SHELL = /bin/sh
# environment
SNAP_DATA = /var/snap/code/96
# environment
VSCODE_NLS_CONFIG = {"locale":"en-gb","availableLanguages":{},"_languagePackSupport":true}
# environment
_ = /snap/code/96/usr/share/code/code
# environment
QT_AUTO_SCREEN_SCALE_FACTOR = 0
# environment
XDG_CONFIG_DIRS = /etc/xdg/xdg-plasma:/etc/xdg:/usr/share/kubuntu-default-settings/kf5-settings
# environment
SNAP_INSTANCE_NAME = code
# environment
SNAP_ARCH = amd64
# makefile (from 'Makefile', line 1)
MAKEFILE_LIST :=  Makefile
# 'override' directive
GNUMAKEFLAGS := 
# makefile (from 'Makefile', line 2)
CXXFLAGS = -std=c++17 -Wall
# environment
XDG_DATA_DIRS = /usr/share/plasma:/usr/local/share:/usr/share:/var/lib/snapd/desktop
# environment
ROS_ETC_DIR = /opt/ros/noetic/etc/ros
# environment
DBUS_SESSION_BUS_ADDRESS = unix:path=/run/user/1000/bus
# environment
VSCODE_VERBOSE_LOGGING = true
# environment
ROS_PACKAGE_PATH = /home/ihashib/catkin_ws/src:/home/ihashib/ros_ws/src:/home/ihashib/ws_moveit/src/geometric_shapes:/home/ihashib/ws_moveit/src/moveit/moveit:/home/ihashib/ws_moveit/src/moveit_msgs:/home/ihashib/ws_moveit/src/moveit/moveit_planners/moveit_planners:/home/ihashib/ws_moveit/src/moveit/moveit_plugins/moveit_plugins:/home/ihashib/ws_moveit/src/moveit_resources/moveit_resources:/home/ihashib/ws_moveit/src/moveit_resources/fanuc_description:/home/ihashib/ws_moveit/src/moveit_resources/fanuc_moveit_config:/home/ihashib/ws_moveit/src/moveit/moveit_commander:/home/ihashib/ws_moveit/src/moveit_resources/panda_description:/home/ihashib/ws_moveit/src/moveit_resources/panda_moveit_config:/home/ihashib/ws_moveit/src/moveit_resources/pr2_description:/home/ihashib/ws_moveit/src/moveit/moveit_core:/home/ihashib/ws_moveit/src/moveit/moveit_planners/chomp/chomp_motion_planner:/home/ihashib/ws_moveit/src/moveit/moveit_planners/chomp/chomp_optimizer_adapter:/home/ihashib/ws_moveit/src/moveit_resources/prbt_ikfast_manipulator_plugin:/home/ihashib/ws_moveit/src/moveit_resources/prbt_moveit_config:/home/ihashib/ws_moveit/src/moveit_resources/prbt_pg70_support:/home/ihashib/ws_moveit/src/moveit_resources/prbt_support:/home/ihashib/ws_moveit/src/moveit/moveit_ros/moveit_ros:/home/ihashib/ws_moveit/src/moveit/moveit_ros/occupancy_map_monitor:/home/ihashib/ws_moveit/src/moveit/moveit_ros/planning:/home/ihashib/ws_moveit/src/moveit/moveit_plugins/moveit_fake_controller_manager:/home/ihashib/ws_moveit/src/moveit/moveit_kinematics:/home/ihashib/ws_moveit/src/moveit/moveit_planners/ompl:/home/ihashib/ws_moveit/src/moveit/moveit_ros/move_group:/home/ihashib/ws_moveit/src/moveit/moveit_ros/manipulation:/home/ihashib/ws_moveit/src/moveit/moveit_ros/perception:/home/ihashib/ws_moveit/src/moveit/moveit_ros/robot_interaction:/home/ihashib/ws_moveit/src/moveit/moveit_ros/warehouse:/home/ihashib/ws_moveit/src/moveit/moveit_ros/benchmarks:/home/ihashib/ws_moveit/src/moveit/moveit_ros/planning_interface:/home/ihashib/ws_moveit/src/moveit/moveit_planners/chomp/chomp_interface:/home/ihashib/ws_moveit/src/moveit/moveit_ros/visualization:/home/ihashib/ws_moveit/src/moveit/moveit_runtime:/home/ihashib/ws_moveit/src/moveit/moveit_ros/moveit_servo:/home/ihashib/ws_moveit/src/moveit/moveit_setup_assistant:/home/ihashib/ws_moveit/src/moveit/moveit_plugins/moveit_simple_controller_manager:/home/ihashib/ws_moveit/src/moveit/moveit_plugins/moveit_ros_control_interface:/home/ihashib/ws_moveit/src/panda_moveit_config:/home/ihashib/ws_moveit/src/moveit/moveit_planners/pilz_industrial_motion_planner_testutils:/home/ihashib/ws_moveit/src/moveit/moveit_planners/pilz_industrial_motion_planner:/home/ihashib/ws_moveit/src/rviz_visual_tools:/home/ihashib/ws_moveit/src/moveit_visual_tools:/home/ihashib/ws_moveit/src/moveit_tutorials:/opt/ros/noetic/share
# environment
ROS_PYTHON_VERSION = 3
# environment
LESSOPEN = | /usr/bin/lesspipe %s
# environment
VSCODE_CWD = /media/ihashib/New Volume/Work/CC++
# environment
PAM_KWALLET5_LOGIN = /run/user/1000/kwallet5.socket
# environment
XDG_SESSION_PATH = /org/freedesktop/DisplayManager/Session1
# environment
GSETTINGS_SCHEMA_DIR = /snap/code/96/usr/share/glib-2.0/schemas
# default
MAKE_HOST := x86_64-pc-linux-gnu
# environment
PATH = /home/ihashib/.local/bin:/opt/ros/noetic/bin:/home/ihashib/ws_moveit2/install/moveit_kinematics/bin:/home/ihashib/ws_moveit2/install/moveit_core/bin:/home/ihashib/.local/bin:/usr/local/sbin:/usr/local/bin:/usr/sbin:/usr/bin:/sbin:/bin:/usr/games:/usr/local/games:/snap/bin
# environment
XDG_SESSION_DESKTOP = KDE
# environment
ROS_IP = 192.168.10.34
# environment
GPG_AGENT_INFO = /run/user/1000/gnupg/S.gpg-agent:0:1
# environment
XCURSOR_THEME = breeze_cursors
# environment
SESSION_MANAGER = local/IdeaPad:@/tmp/.ICE-unix/1881,unix/IdeaPad:/tmp/.ICE-unix/1881
# environment
XDG_RUNTIME_DIR = /run/user/1000
# environment
GDK_PIXBUF_MODULE_FILE = /home/ihashib/snap/code/common/.cache/gdk-pixbuf-loaders.cache
# environment
SNAP = /snap/code/96
# environment
ROS_ROOT = /opt/ros/noetic/share/ros
# environment
SNAP_VERSION = da15b6fd
# environment
VSCODE_LOG_STACK = false
# environment
DISABLE_WAYLAND = 1
# environment
ELECTRON_RUN_AS_NODE = 1
# environment
GTK2_RC_FILES = /etc/gtk-2.0/gtkrc:/home/ihashib/.gtkrc-2.0:/home/ihashib/.config/gtkrc-2.0
# environment
GDK_PIXBUF_MODULEDIR = /snap/code/96/usr/lib/x86_64-linux-gnu/gdk-pixbuf-2.0/2.10.0/loaders
# default
.FEATURES := target-specific order-only second-expansion else-if shortest-stem undefine oneshell archives jobserver output-sync check-symlink load
# environment
CMAKE_PREFIX_PATH = /home/ihashib/catkin_ws/devel:/home/ihashib/ros_ws/devel:/home/ihashib/ws_moveit/devel:/opt/ros/noetic:/home/ihashib/ws_moveit2/install/run_ompl_constrained_planning:/home/ihashib/ws_moveit2/install/run_moveit_cpp:/home/ihashib/ws_moveit2/install/run_move_group:/home/ihashib/ws_moveit2/install/warehouse_ros_mongo:/home/ihashib/ws_moveit2/install/moveit_servo:/home/ihashib/ws_moveit2/install/moveit_runtime:/home/ihashib/ws_moveit2/install/moveit:/home/ihashib/ws_moveit2/install/moveit_ros:/home/ihashib/ws_moveit2/install/moveit_ros_visualization:/home/ihashib/ws_moveit2/install/moveit_ros_planning_interface:/home/ihashib/ws_moveit2/install/moveit_ros_benchmarks:/home/ihashib/ws_moveit2/install/moveit_ros_warehouse:/home/ihashib/ws_moveit2/install/warehouse_ros:/home/ihashib/ws_moveit2/install/ros2_controllers:/home/ihashib/ws_moveit2/install/velocity_controllers:/home/ihashib/ws_moveit2/install/transmission_interface:/home/ihashib/ws_moveit2/install/moveit_plugins:/home/ihashib/ws_moveit2/install/moveit_simple_controller_manager:/home/ihashib/ws_moveit2/install/moveit_ros_robot_interaction:/home/ihashib/ws_moveit2/install/moveit_ros_perception:/home/ihashib/ws_moveit2/install/moveit_resources_prbt_pg70_support:/home/ihashib/ws_moveit2/install/moveit_resources_prbt_moveit_config:/home/ihashib/ws_moveit2/install/moveit_ros_move_group:/home/ihashib/ws_moveit2/install/moveit_planners:/home/ihashib/ws_moveit2/install/moveit_planners_ompl:/home/ihashib/ws_moveit2/install/moveit_ros_planning:/home/ihashib/ws_moveit2/install/moveit_ros_occupancy_map_monitor:/home/ihashib/ws_moveit2/install/moveit_resources_prbt_ikfast_manipulator_plugin:/home/ihashib/ws_moveit2/install/moveit_planners_chomp:/home/ihashib/ws_moveit2/install/moveit_kinematics:/home/ihashib/ws_moveit2/install/moveit_chomp_optimizer_adapter:/home/ihashib/ws_moveit2/install/chomp_motion_planner:/home/ihashib/ws_moveit2/install/moveit_core:/home/ihashib/ws_moveit2/install/srdfdom:/home/ihashib/ws_moveit2/install/ros2_control:/home/ihashib/ws_moveit2/install/controller_manager:/home/ihashib/ws_moveit2/install/ros2_control_test_assets:/home/ihashib/ws_moveit2/install/position_controllers:/home/ihashib/ws_moveit2/install/moveit_resources_prbt_support:/home/ihashib/ws_moveit2/install/moveit_resources:/home/ihashib/ws_moveit2/install/moveit_resources_pr2_description:/home/ihashib/ws_moveit2/install/moveit_resources_panda_moveit_config:/home/ihashib/ws_moveit2/install/moveit_resources_panda_description:/home/ihashib/ws_moveit2/install/moveit_resources_fanuc_moveit_config:/home/ihashib/ws_moveit2/install/moveit_resources_fanuc_description:/home/ihashib/ws_moveit2/install/moveit_msgs:/home/ihashib/ws_moveit2/install/moveit_common:/home/ihashib/ws_moveit2/install/joint_trajectory_controller:/home/ihashib/ws_moveit2/install/joint_state_controller:/home/ihashib/ws_moveit2/install/joint_state_broadcaster:/home/ihashib/ws_moveit2/install/imu_sensor_broadcaster:/home/ihashib/ws_moveit2/install/gripper_controllers:/home/ihashib/ws_moveit2/install/effort_controllers:/home/ihashib/ws_moveit2/install/forward_command_controller:/home/ihashib/ws_moveit2/install/force_torque_sensor_broadcaster:/home/ihashib/ws_moveit2/install/diff_drive_controller:/home/ihashib/ws_moveit2/install/controller_interface:/home/ihashib/ws_moveit2/install/hardware_interface:/home/ihashib/ws_moveit2/install/geometric_shapes:/home/ihashib/ws_moveit2/install/controller_manager_msgs
# environment
LS_COLORS = 
# environment
ROS_DISTRO = noetic
# environment
SSH_AUTH_SOCK = /tmp/ssh-SI9kXw7Xsckt/agent.1708
# automatic
%F = $(notdir $%)
# environment
DISPLAY = :0
# environment
VSCODE_PIPE_LOGGING = true
# environment
SNAP_INSTANCE_KEY = 
# environment
PWD = /media/ihashib/New Volume/Work/CC++/dsi_solve
# environment
KDE_SESSION_VERSION = 5
# default
.LOADED := 
# environment
XDG_SEAT = seat0
# environment
SSH_AGENT_PID = 1808
# environment
PKG_CONFIG_PATH = /home/ihashib/catkin_ws/devel/lib/pkgconfig:/home/ihashib/ros_ws/devel/lib/pkgconfig:/home/ihashib/ws_moveit/devel/lib/pkgconfig:/opt/ros/noetic/lib/pkgconfig:/opt/ros/noetic/lib/x86_64-linux-gnu/pkgconfig
# environment
ORIGINAL_XDG_CURRENT_DESKTOP = KDE
# environment
GTK_MODULES = gail:atk-bridge
# environment
VSCODE_AMD_ENTRYPOINT = vs/workbench/api/node/extensionHostProcess
# environment
HOME = /home/ihashib
# environment
LD_LIBRARY_PATH = /home/ihashib/catkin_ws/devel/lib:/home/ihashib/ros_ws/devel/lib:/home/ihashib/ws_moveit/devel/lib:/opt/ros/noetic/lib:/opt/ros/noetic/lib/x86_64-linux-gnu:/home/ihashib/ws_moveit2/install/run_ompl_constrained_planning/lib:/home/ihashib/ws_moveit2/install/run_moveit_cpp/lib:/home/ihashib/ws_moveit2/install/run_move_group/lib:/home/ihashib/ws_moveit2/install/warehouse_ros_mongo/lib:/home/ihashib/ws_moveit2/install/moveit_servo/lib:/home/ihashib/ws_moveit2/install/moveit_ros_visualization/lib:/home/ihashib/ws_moveit2/install/moveit_ros_planning_interface/lib:/home/ihashib/ws_moveit2/install/moveit_ros_benchmarks/lib:/home/ihashib/ws_moveit2/install/moveit_ros_warehouse/lib:/home/ihashib/ws_moveit2/install/warehouse_ros/lib:/home/ihashib/ws_moveit2/install/velocity_controllers/lib:/home/ihashib/ws_moveit2/install/moveit_simple_controller_manager/lib:/home/ihashib/ws_moveit2/install/moveit_ros_robot_interaction/lib:/home/ihashib/ws_moveit2/install/moveit_ros_perception/lib:/home/ihashib/ws_moveit2/install/moveit_ros_move_group/lib:/home/ihashib/ws_moveit2/install/moveit_planners_ompl/lib:/home/ihashib/ws_moveit2/install/moveit_ros_planning/lib:/home/ihashib/ws_moveit2/install/moveit_ros_occupancy_map_monitor/lib:/home/ihashib/ws_moveit2/install/moveit_resources_prbt_ikfast_manipulator_plugin/lib:/home/ihashib/ws_moveit2/install/moveit_planners_chomp/lib:/home/ihashib/ws_moveit2/install/moveit_kinematics/lib:/home/ihashib/ws_moveit2/install/moveit_chomp_optimizer_adapter/lib:/home/ihashib/ws_moveit2/install/chomp_motion_planner/lib:/home/ihashib/ws_moveit2/install/moveit_core/lib:/home/ihashib/ws_moveit2/install/srdfdom/lib:/home/ihashib/ws_moveit2/install/controller_manager/lib:/home/ihashib/ws_moveit2/install/position_controllers/lib:/home/ihashib/ws_moveit2/install/moveit_msgs/lib:/home/ihashib/ws_moveit2/install/joint_trajectory_controller/lib:/home/ihashib/ws_moveit2/install/joint_state_controller/lib:/home/ihashib/ws_moveit2/install/joint_state_broadcaster/lib:/home/ihashib/ws_moveit2/install/imu_sensor_broadcaster/lib:/home/ihashib/ws_moveit2/install/gripper_controllers/lib:/home/ihashib/ws_moveit2/install/effort_controllers/lib:/home/ihashib/ws_moveit2/install/forward_command_controller/lib:/home/ihashib/ws_moveit2/install/force_torque_sensor_broadcaster/lib:/home/ihashib/ws_moveit2/install/diff_drive_controller/lib:/home/ihashib/ws_moveit2/install/controller_interface/lib:/home/ihashib/ws_moveit2/install/hardware_interface/lib:/home/ihashib/ws_moveit2/install/geometric_shapes/lib:/home/ihashib/ws_moveit2/install/controller_manager_msgs/lib
# environment
LESSCLOSE = /usr/bin/lesspipe %s %s
# environment
VSCODE_CLI = 1
# environment
VSCODE_CODE_CACHE_PATH = /home/ihashib/.config/Code/CachedData/da15b6fd3ef856477bf6f4fb29ba1b7af717770d
# environment
LOGNAME = ihashib
# environment
APPLICATION_INSIGHTS_NO_DIAGNOSTIC_CHANNEL = 1
# environment
SNAP_LIBRARY_PATH = /var/lib/snapd/lib/gl:/var/lib/snapd/lib/gl32:/var/lib/snapd/void
# environment
SNAP_CONTEXT = DPSqj2_WAvBgp6Za_3MVtBrimSYHEh8TO5IXYOl_jTxLkQveOmb3
# environment
KDE_FULL_SESSION = true
# environment
ELECTRON_NO_ATTACH_CONSOLE = 1
# environment
SNAP_USER_COMMON = /home/ihashib/snap/code/common
# environment
VSCODE_HANDLES_UNCAUGHT_ERRORS = true
# automatic
^D = $(patsubst %/,%,$(dir $^))
# environment
XDG_VTNR = 1
# environment
MAKELEVEL := 0
# environment
SNAP_REAL_HOME = /home/ihashib
# default
MAKE = $(MAKE_COMMAND)
# default
MAKECMDGOALS := all
# environment
SNAP_USER_DATA = /home/ihashib/snap/code/96
# environment
SHLVL = 0
# makefile (from 'Makefile', line 1)
CC = g++
# environment
VSCODE_IPC_HOOK_EXTHOST = /run/user/1000/vscode-ipc-0553bdf5-7a77-45b4-9419-869e1f9562c6.sock
# environment
XDG_SESSION_ID = 3
# environment
USER = ihashib
# environment
SNAP_REVISION = 96
# makefile
.DEFAULT_GOAL := riscv_instruction_parser
# environment
XDG_CURRENT_DESKTOP = KDE
# environment
ROSLISP_PACKAGE_DIRECTORIES = /home/ihashib/catkin_ws/devel/share/common-lisp:/home/ihashib/ros_ws/devel/share/common-lisp:/home/ihashib/ws_moveit/devel/share/common-lisp
# automatic
%D = $(patsubst %/,%,$(dir $%))
# default
MAKE_COMMAND := make
# default
.VARIABLES := 
# automatic
*F = $(notdir $*)
# environment
LANGUAGE = en_CA:en
# environment
XDG_SEAT_PATH = /org/freedesktop/DisplayManager/Seat0
# environment
VSCODE_IPC_HOOK = /run/user/1000/vscode-2e4c6b3a-1.67.1-main.sock
# environment
BAMF_DESKTOP_FILE_HINT = /var/lib/snapd/desktop/applications/code_code.desktop
# environment
PYTHONPATH = /home/ihashib/catkin_ws/devel/lib/python3/dist-packages:/home/ihashib/ws_moveit/devel/lib/python3/dist-packages:/opt/ros/noetic/lib/python3/dist-packages
# makefile
MAKEFLAGS = pqrR
# environment
MFLAGS = -pqrR
# automatic
*D = $(patsubst %/,%,$(dir $*))
# environment
ROS_VERSION = 1
# automatic
+D = $(patsubst %/,%,$(dir $+))
# environment
GDK_BACKEND = x11
# automatic
+F = $(notdir $+)
# environment
QT_ACCESSIBILITY = 1
# default
MAKEFILES := 
# environment
SNAP_COOKIE = DPSqj2_WAvBgp6Za_3MVtBrimSYHEh8TO5IXYOl_jTxLkQveOmb3
# automatic
<F = $(notdir $<)
# environment
ROS_MASTER_URI = http://localhost:11311
# environment
SNAP_NAME = code
# environment
LC_ALL = C
# automatic
^F = $(notdir $^)
# default
SUFFIXES := 
# environment
ROS_HOSTNAME = 192.168.10.34
# environment
SNAP_REEXEC = 
# environment
CHROME_DESKTOP = code-url-handler.desktop
# default
.INCLUDE_DIRS = /usr/include /usr/local/include /usr/include
# default
.RECIPEPREFIX := 
# environment
LANG = C
# environment
VSCODE_PID = 24441
 
# environment
KDE_SESSION_UID = 1000
# variable set hash-table stats:
# Load=135/1024=13%, Rehash=0, Collisions=12/160=8%

# Pattern-specific Variable Values

# No pattern-specific variable values.

# Directories

# . (device 2050, inode 11306): 10 files, no impossibilities.

# 10 files, no impossibilities in 1 directories.

# Implicit Rules

# No implicit rules.

# Files

# Not a target:
all:
#  Command line target.
#  Implicit rule search has been done.
#  File does not exist.
#  File has not been updated.

# Not a target:
src/main.o:
#  Implicit rule search has not been done.
#  Modification time never checked.
#  File has not been updated.

riscv_inst.o: classes/src/riscv_inst.cpp classes/inc/riscv_inst.h
#  Implicit rule search has not been done.
#  Modification time never checked.
#  File has not been updated.
#  recipe to execute (from 'Makefile', line 17):
	g++ -c classes/src/riscv_inst.cpp

riscv_instruction_parser: src/main.o classes/src/file.o classes/src/instruction_parser.o classes/src/riscv_inst.o
#  Implicit rule search has not been done.
#  Modification time never checked.
#  File has not been updated.
#  recipe to execute (from 'Makefile', line 5):
	g++ src/main.o classes/src/file.o classes/src/instruction_parser.o classes/src/riscv_inst.o -o riscv_instruction_parser

# Not a target:
inc/main.cpp:
#  Implicit rule search has not been done.
#  Modification time never checked.
#  File has not been updated.

# Not a target:
classes/src/instruction_parser.o:
#  Implicit rule search has not been done.
#  Modification time never checked.
#  File has not been updated.

files.o: classes/src/files.cpp classes/inc/files.h
#  Implicit rule search has not been done.
#  Modification time never checked.
#  File has not been updated.
#  recipe to execute (from 'Makefile', line 11):
	g++ -c classes/src/file.cpp

# Not a target:
Makefile:
#  Implicit rule search has been done.
#  Last modified 2022-05-18 02:23:15.0420736
#  File has been updated.
#  Successfully updated.

# Not a target:
classes/src/riscv_inst.o:
#  Implicit rule search has not been done.
#  Modification time never checked.
#  File has not been updated.

# Not a target:
classes/inc/files.h:
#  Implicit rule search has not been done.
#  Modification time never checked.
#  File has not been updated.

# Not a target:
classes/src/file.o:
#  Implicit rule search has not been done.
#  Modification time never checked.
#  File has not been updated.

# Not a target:
classes/inc/instruction_parser.h:
#  Implicit rule search has not been done.
#  Modification time never checked.
#  File has not been updated.

# Not a target:
classes/inc/riscv_inst.h:
#  Implicit rule search has not been done.
#  Modification time never checked.
#  File has not been updated.

# Not a target:
.DEFAULT:
#  Implicit rule search has not been done.
#  Modification time never checked.
#  File has not been updated.

# Not a target:
src/main.cpp:
#  Implicit rule search has not been done.
#  Modification time never checked.
#  File has not been updated.

# Not a target:
classes/src/files.cpp:
#  Implicit rule search has not been done.
#  Modification time never checked.
#  File has not been updated.

instruction_parser.o: classes/src/instruction_parser.cpp classes/inc/instruction_parser.h
#  Implicit rule search has not been done.
#  Modification time never checked.
#  File has not been updated.
#  recipe to execute (from 'Makefile', line 14):
	g++ -c classes/src/instruction_parser.cpp

main.o: src/main.cpp inc/main.cpp
#  Implicit rule search has not been done.
#  Modification time never checked.
#  File has not been updated.
#  recipe to execute (from 'Makefile', line 8):
	g++ -c src/main.cpp 	

# Not a target:
classes/src/instruction_parser.cpp:
#  Implicit rule search has not been done.
#  Modification time never checked.
#  File has not been updated.

# Not a target:
classes/src/riscv_inst.cpp:
#  Implicit rule search has not been done.
#  Modification time never checked.
#  File has not been updated.

# files hash-table stats:
# Load=21/1024=2%, Rehash=0, Collisions=0/43=0%
# VPATH Search Paths

# No 'vpath' search paths.

# No general ('VPATH' variable) search path.

# strcache buffers: 1 (0) / strings = 31 / storage = 458 B / avg = 14 B
# current buf: size = 8162 B / used = 458 B / count = 31 / avg = 14 B

# strcache performance: lookups = 41 / hit rate = 24%
# hash-table stats:
# Load=31/8192=0%, Rehash=0, Collisions=1/41=2%
# Finished Make data base on Wed May 18 02:35:56 2022

 
